This file contains any messages produced by compilers while
running configure, to aid debugging if configure makes a mistake.

It was created by ldapcpplib configure  , which was
generated by GNU Autoconf 2.69.  Invocation command line was

  $ ./configure 

## --------- ##
## Platform. ##
## --------- ##

hostname = PRKMCITPC001
uname -m = x86_64
uname -r = 2.2.0(0.289/5/3)
uname -s = CYGWIN_NT-6.1
uname -v = 2015-08-03 12:51

/usr/bin/uname -p = unknown
/bin/uname -X     = unknown

/bin/arch              = x86_64
/usr/bin/arch -k       = unknown
/usr/convex/getsysinfo = unknown
/usr/bin/hostinfo      = unknown
/bin/machine           = unknown
/usr/bin/oslevel       = unknown
/bin/universe          = unknown

PATH: /usr/local/bin
PATH: /usr/bin
PATH: /cygdrive/c/app/client/taoh02/product/12.1.0/client_1/bin
PATH: /cygdrive/c/Program Files/ImageMagick-6.9.0-Q16
PATH: /cygdrive/c/oracle/product/10.2.0/client_1
PATH: /cygdrive/c/Python27
PATH: /cygdrive/c/Python27/Scripts
PATH: /cygdrive/c/Windows/system32
PATH: /cygdrive/c/Windows
PATH: /cygdrive/c/Windows/System32/Wbem
PATH: /cygdrive/c/Windows/System32/WindowsPowerShell/v1.0
PATH: /cygdrive/c/Program Files (x86)/Enterprise Vault/EVClient
PATH: /cygdrive/c/Program Files (x86)/ATI Technologies/ATI.ACE/Core-Static
PATH: /cygdrive/c/Program Files/Microsoft Windows Performance Toolkit
PATH: /cygdrive/c/mvn3.1.1/bin
PATH: /cygdrive/c/Program Files (x86)/Git/cmd
PATH: /cygdrive/c/GTK/bin
PATH: /cygdrive/c/GTK/include
PATH: /cygdrive/c/Program Files/OpenVPN/bin
PATH: /cygdrive/c/evaluation/mysql/mysql-5.6.21-winx64/bin
PATH: /cygdrive/c/apache-ant-1.9.4/bin
PATH: /cygdrive/c/Program Files/MongoDB 2.6 Standard/bin
PATH: /cygdrive/c/Program Files/Microsoft SQL Server/110/Tools/Binn
PATH: /cygdrive/c/Program Files (x86)/Microsoft SQL Server/100/Tools/Binn
PATH: /cygdrive/c/Program Files/Microsoft SQL Server/100/Tools/Binn
PATH: /cygdrive/c/Program Files/Microsoft SQL Server/100/DTS/Binn
PATH: /cygdrive/c/Program Files/ImageMagick-6.9.0-Q16
PATH: /cygdrive/c/mongodb/bin
PATH: /cygdrive/c/activator-1.2.12
PATH: /cygdrive/c/python-32bit/Scripts
PATH: /cygdrive/c/apache-cassandra-2.1.2/bin
PATH: /cygdrive/c/apache-cassandra-2.1.2/tools
PATH: /usr/bin
PATH: /cygdrive/c/Program Files (x86)/Microsoft SDKs/TypeScript/1.0
PATH: /cygdrive/c/Program Files/Microsoft SQL Server/120/Tools/Binn
PATH: /cygdrive/c/nuget
PATH: /cygdrive/c/oracle/product/10.2.0/client_1/NETWORK/ADMIN
PATH: /cygdrive/c/Program Files/nodejs
PATH: /cygdrive/c/tcl/bin
PATH: /cygdrive/c/oracle/instantclient_12_1
PATH: /cygdrive/c/php
PATH: /cygdrive/c/Users/taoh02/AppData/Roaming/npm
PATH: /cygdrive/c/Program Files (x86)/Microsoft SQL Server/100/Tools/Binn/VSShell/Common7/IDE
PATH: /cygdrive/c/Program Files (x86)/Microsoft Visual Studio 9.0/Common7/IDE/PrivateAssemblies
PATH: /cygdrive/c/Program Files (x86)/Microsoft SQL Server/100/DTS/Binn
PATH: /cygdrive/c/Program Files/Java/jdk1.7.0_51/bin
PATH: /cygdrive/c/Program Files (x86)/Windows Kits/10/Windows Performance Toolkit
PATH: /cygdrive/c/Program Files (x86)/Visual Leak Detector/bin/Win32
PATH: /cygdrive/c/Program Files (x86)/Visual Leak Detector/bin/Win64
PATH: /cygdrive/c/Program Files/Microsoft/Web Platform Installer
PATH: /usr/lib/lapack


## ----------- ##
## Core tests. ##
## ----------- ##

configure:2611: checking for a BSD-compatible install
configure:2679: result: /usr/bin/install -c
configure:2690: checking whether build environment is sane
configure:2727: result: yes
configure:2752: checking for a thread-safe mkdir -p
configure:2791: result: /usr/bin/mkdir -p
configure:2804: checking for gawk
configure:2820: found /usr/bin/gawk
configure:2831: result: gawk
configure:2842: checking whether make sets $(MAKE)
configure:2864: result: yes
configure:3117: checking for g++
configure:3133: found /usr/bin/g++
configure:3144: result: g++
configure:3171: checking for C++ compiler version
configure:3180: g++ --version >&5
g++ (GCC) 4.9.3
Copyright (C) 2015 Free Software Foundation, Inc.
This is free software; see the source for copying conditions.  There is NO
warranty; not even for MERCHANTABILITY or FITNESS FOR A PARTICULAR PURPOSE.

configure:3191: $? = 0
configure:3180: g++ -v >&5
Using built-in specs.
COLLECT_GCC=g++
COLLECT_LTO_WRAPPER=/usr/lib/gcc/x86_64-pc-cygwin/4.9.3/lto-wrapper.exe
Target: x86_64-pc-cygwin
Configured with: /cygdrive/i/szsz/tmpp/gcc/gcc-4.9.3-1.x86_64/src/gcc-4.9.3/configure --srcdir=/cygdrive/i/szsz/tmpp/gcc/gcc-4.9.3-1.x86_64/src/gcc-4.9.3 --prefix=/usr --exec-prefix=/usr --localstatedir=/var --sysconfdir=/etc --docdir=/usr/share/doc/gcc --htmldir=/usr/share/doc/gcc/html -C --build=x86_64-pc-cygwin --host=x86_64-pc-cygwin --target=x86_64-pc-cygwin --without-libiconv-prefix --without-libintl-prefix --libexecdir=/usr/lib --enable-shared --enable-shared-libgcc --enable-static --enable-version-specific-runtime-libs --enable-bootstrap --enable-__cxa_atexit --with-dwarf2 --with-tune=generic --enable-languages=ada,c,c++,fortran,lto,objc,obj-c++ --enable-graphite --enable-threads=posix --enable-libatomic --enable-libgomp --disable-libitm --enable-libquadmath --enable-libquadmath-support --enable-libssp --enable-libada --enable-libgcj-sublibs --disable-java-awt --disable-symvers --with-ecj-jar=/usr/share/java/ecj.jar --with-gnu-ld --with-gnu-as --with-cloog-include=/usr/include/cloog-isl --without-libiconv-prefix --without-libintl-prefix --with-system-zlib --enable-linker-build-id
Thread model: posix
gcc version 4.9.3 (GCC) 
configure:3191: $? = 0
configure:3180: g++ -V >&5
g++: error: unrecognized command line option '-V'
g++: fatal error: no input files
compilation terminated.
configure:3191: $? = 1
configure:3180: g++ -qversion >&5
g++: error: unrecognized command line option '-qversion'
g++: fatal error: no input files
compilation terminated.
configure:3191: $? = 1
configure:3211: checking whether the C++ compiler works
configure:3233: g++    conftest.cpp  >&5
configure:3237: $? = 0
configure:3285: result: yes
configure:3288: checking for C++ compiler default output file name
configure:3290: result: a.exe
configure:3296: checking for suffix of executables
configure:3303: g++ -o conftest.exe    conftest.cpp  >&5
configure:3307: $? = 0
configure:3329: result: .exe
configure:3351: checking whether we are cross compiling
configure:3359: g++ -o conftest.exe    conftest.cpp  >&5
configure:3363: $? = 0
configure:3370: ./conftest.exe
configure:3374: $? = 0
configure:3389: result: no
configure:3394: checking for suffix of object files
configure:3416: g++ -c   conftest.cpp >&5
configure:3420: $? = 0
configure:3441: result: o
configure:3445: checking whether we are using the GNU C++ compiler
configure:3464: g++ -c   conftest.cpp >&5
configure:3464: $? = 0
configure:3473: result: yes
configure:3482: checking whether g++ accepts -g
configure:3502: g++ -c -g  conftest.cpp >&5
configure:3502: $? = 0
configure:3543: result: yes
configure:3577: checking for style of include used by make
configure:3605: result: GNU
configure:3630: checking dependency style of g++
configure:3721: result: none
configure:3812: checking build system type
configure:3821: error: cannot guess build type; you must specify one

## ---------------- ##
## Cache variables. ##
## ---------------- ##

ac_cv_cxx_compiler_gnu=yes
ac_cv_env_CCC_set=
ac_cv_env_CCC_value=
ac_cv_env_CC_set=
ac_cv_env_CC_value=
ac_cv_env_CFLAGS_set=
ac_cv_env_CFLAGS_value=
ac_cv_env_CPPFLAGS_set=
ac_cv_env_CPPFLAGS_value=
ac_cv_env_CPP_set=
ac_cv_env_CPP_value=
ac_cv_env_CXXCPP_set=
ac_cv_env_CXXCPP_value=
ac_cv_env_CXXFLAGS_set=
ac_cv_env_CXXFLAGS_value=
ac_cv_env_CXX_set=
ac_cv_env_CXX_value=
ac_cv_env_F77_set=
ac_cv_env_F77_value=
ac_cv_env_FFLAGS_set=
ac_cv_env_FFLAGS_value=
ac_cv_env_LDFLAGS_set=
ac_cv_env_LDFLAGS_value=
ac_cv_env_LIBS_set=
ac_cv_env_LIBS_value=
ac_cv_env_build_alias_set=
ac_cv_env_build_alias_value=
ac_cv_env_host_alias_set=
ac_cv_env_host_alias_value=
ac_cv_env_target_alias_set=
ac_cv_env_target_alias_value=
ac_cv_exeext=.exe
ac_cv_objext=o
ac_cv_path_install='/usr/bin/install -c'
ac_cv_path_mkdir=/usr/bin/mkdir
ac_cv_prog_AWK=gawk
ac_cv_prog_ac_ct_CXX=g++
ac_cv_prog_cxx_g=yes
ac_cv_prog_make_make_set=yes
am_cv_CXX_dependencies_compiler_type=none

## ----------------- ##
## Output variables. ##
## ----------------- ##

ACLOCAL='${SHELL} /cygdrive/c/cygwin64/home/htao/ldapcpp/missing --run aclocal-1.10'
AMDEPBACKSLASH='\'
AMDEP_FALSE='#'
AMDEP_TRUE=''
AMTAR='${SHELL} /cygdrive/c/cygwin64/home/htao/ldapcpp/missing --run tar'
AR=''
AUTOCONF='${SHELL} /cygdrive/c/cygwin64/home/htao/ldapcpp/missing --run autoconf'
AUTOHEADER='${SHELL} /cygdrive/c/cygwin64/home/htao/ldapcpp/missing --run autoheader'
AUTOMAKE='${SHELL} /cygdrive/c/cygwin64/home/htao/ldapcpp/missing --run automake-1.10'
AWK='gawk'
CC=''
CCDEPMODE=''
CFLAGS=''
CPP=''
CPPFLAGS=''
CXX='g++'
CXXCPP=''
CXXDEPMODE='depmode=none'
CXXFLAGS='-g -O2'
CYGPATH_W='cygpath -w'
DEFS=''
DEPDIR='.deps'
DSYMUTIL=''
ECHO='echo'
ECHO_C=''
ECHO_N='-n'
ECHO_T=''
EGREP=''
EXEEXT='.exe'
F77=''
FFLAGS=''
GREP=''
INSTALL_DATA='${INSTALL} -m 644'
INSTALL_PROGRAM='${INSTALL}'
INSTALL_SCRIPT='${INSTALL}'
INSTALL_STRIP_PROGRAM='$(install_sh) -c -s'
LDFLAGS=''
LIBOBJS=''
LIBS=''
LIBTOOL=''
LN_S=''
LTLIBOBJS=''
MAKEINFO='${SHELL} /cygdrive/c/cygwin64/home/htao/ldapcpp/missing --run makeinfo'
MKDIR_P='/usr/bin/mkdir -p'
NMEDIT=''
OBJEXT='o'
OPENLDAP_CPP_API_VERSION='0:0:0'
PACKAGE='ldapcpplib'
PACKAGE_BUGREPORT='http://www.openldap.org/its/ '
PACKAGE_NAME='ldapcpplib'
PACKAGE_STRING='ldapcpplib  '
PACKAGE_TARNAME='ldapcpplib'
PACKAGE_URL=''
PACKAGE_VERSION=' '
PATH_SEPARATOR=':'
RANLIB=''
SED=''
SET_MAKE=''
SHELL='/bin/sh'
STRIP=''
VERSION='0.0.0'
ac_ct_CC=''
ac_ct_CXX='g++'
ac_ct_F77=''
am__fastdepCC_FALSE=''
am__fastdepCC_TRUE=''
am__fastdepCXX_FALSE=''
am__fastdepCXX_TRUE='#'
am__include='include'
am__isrc=''
am__leading_dot='.'
am__quote=''
am__tar='${AMTAR} chof - "$$tardir"'
am__untar='${AMTAR} xf -'
bindir='${exec_prefix}/bin'
build=''
build_alias=''
build_cpu=''
build_os=''
build_vendor=''
datadir='${datarootdir}'
datarootdir='${prefix}/share'
docdir='${datarootdir}/doc/${PACKAGE_TARNAME}'
dvidir='${docdir}'
exec_prefix='NONE'
host=''
host_alias=''
host_cpu=''
host_os=''
host_vendor=''
htmldir='${docdir}'
includedir='${prefix}/include'
infodir='${datarootdir}/info'
install_sh='$(SHELL) /cygdrive/c/cygwin64/home/htao/ldapcpp/install-sh'
libdir='${exec_prefix}/lib'
libexecdir='${exec_prefix}/libexec'
localedir='${datarootdir}/locale'
localstatedir='${prefix}/var'
mandir='${datarootdir}/man'
mkdir_p='/usr/bin/mkdir -p'
oldincludedir='/usr/include'
pdfdir='${docdir}'
prefix='NONE'
program_transform_name='s,x,x,'
psdir='${docdir}'
sbindir='${exec_prefix}/sbin'
sharedstatedir='${prefix}/com'
sysconfdir='${prefix}/etc'
target_alias=''

## ----------- ##
## confdefs.h. ##
## ----------- ##

/* confdefs.h */
#define PACKAGE_NAME "ldapcpplib"
#define PACKAGE_TARNAME "ldapcpplib"
#define PACKAGE_VERSION " "
#define PACKAGE_STRING "ldapcpplib  "
#define PACKAGE_BUGREPORT "http://www.openldap.org/its/ "
#define PACKAGE_URL ""
#define PACKAGE "ldapcpplib"
#define VERSION " "

configure: exit 1
